#
# There is insufficient memory for the Java Runtime Environment to continue.
# Native memory allocation (mmap) failed to map 266338304 bytes. Error detail: G1 virtual space
# Possible reasons:
#   The system is out of physical RAM or swap space
#   This process is running with CompressedOops enabled, and the Java Heap may be blocking the growth of the native heap
# Possible solutions:
#   Reduce memory load on the system
#   Increase physical memory or swap space
#   Check if swap backing store is full
#   Decrease Java heap size (-Xmx/-Xms)
#   Decrease number of Java threads
#   Decrease Java thread stack sizes (-Xss)
#   Set larger code cache with -XX:ReservedCodeCacheSize=
#   JVM is running with Zero Based Compressed Oops mode in which the Java heap is
#     placed in the first 32GB address space. The Java Heap base address is the
#     maximum limit for the native heap growth. Please use -XX:HeapBaseMinAddress
#     to set the Java Heap base and to place the Java Heap above 32GB virtual address.
# This output file may be truncated or incomplete.
#
#  Out of Memory Error (os_windows.cpp:3686), pid=4316, tid=11432
#
# JRE version:  (21.0.6+7) (build )
# Java VM: OpenJDK 64-Bit Server VM (21.0.6+7-LTS, mixed mode, sharing, tiered, compressed oops, compressed class ptrs, g1 gc, windows-amd64)
# No core dump will be written. Minidumps are not enabled by default on client versions of Windows
#

---------------  S U M M A R Y ------------

Command Line: -javaagent:E:\Program Files\JetBrains\IntelliJ IDEA Community Edition 2024.3.2.1\lib\idea_rt.jar=51374 -Dfile.encoding=UTF-8 -Dsun.stdout.encoding=UTF-8 -Dsun.stderr.encoding=UTF-8 ContaTerminal

Host: Intel(R) Core(TM) i5-7300HQ CPU @ 2.50GHz, 4 cores, 15G,  Windows 10 , 64 bit Build 19041 (10.0.19041.5794)
Time: Mon Apr 28 15:15:00 2025 Hora oficial do Brasil elapsed time: 0.040924 seconds (0d 0h 0m 0s)

---------------  T H R E A D  ---------------

Current thread (0x000001b049e92b90):  JavaThread "Unknown thread" [_thread_in_vm, id=11432, stack(0x0000007fb7600000,0x0000007fb7700000) (1024K)]

Stack: [0x0000007fb7600000,0x0000007fb7700000]
Native frames: (J=compiled Java code, j=interpreted, Vv=VM code, C=native code)
V  [jvm.dll+0x6fb489]
V  [jvm.dll+0x8dee5f]
V  [jvm.dll+0x8e1258]
V  [jvm.dll+0x8e19c3]
V  [jvm.dll+0x299796]
V  [jvm.dll+0x6f7c15]
V  [jvm.dll+0x6ebb4a]
V  [jvm.dll+0x374a6a]
V  [jvm.dll+0x37c776]
V  [jvm.dll+0x3d1195]
V  [jvm.dll+0x3d1458]
V  [jvm.dll+0x3467e3]
V  [jvm.dll+0x34739b]
V  [jvm.dll+0x8a6311]
V  [jvm.dll+0x3de6d1]
V  [jvm.dll+0x88ea73]
V  [jvm.dll+0x474c5e]
V  [jvm.dll+0x476721]
C  [jli.dll+0x53a5]
C  [ucrtbase.dll+0x21bb2]
C  [KERNEL32.DLL+0x17374]
C  [ntdll.dll+0x4cc91]


---------------  P R O C E S S  ---------------

Threads class SMR info:
_java_thread_list=0x00007ffe20aa5148, length=0, elements={
}

Java Threads: ( => current thread )
Total: 0

Other Threads:
  0x000001b04c1e3cb0 WorkerThread "GC Thread#0"                     [id=12500, stack(0x0000007fb7700000,0x0000007fb7800000) (1024K)]
  0x000001b04c1f4aa0 ConcurrentGCThread "G1 ContaTerminal Marker"            [id=6196, stack(0x0000007fb7800000,0x0000007fb7900000) (1024K)]
  0x000001b04c1f55b0 WorkerThread "G1 Conc#0"                       [id=15752, stack(0x0000007fb7900000,0x0000007fb7a00000) (1024K)]

[error occurred during error reporting (printing all threads), id 0xc0000005, EXCEPTION_ACCESS_VIOLATION (0xc0000005) at pc=0x00007ffe2017a397]
VM state: not at safepoint (not fully initialized)

VM Mutex/Monitor currently owned by a thread:  ([mutex/lock_event])
[0x00007ffe20b19cb0] Heap_lock - owner thread: 0x000001b049e92b90

Heap address: 0x0000000702000000, size: 4064 MB, Compressed Oops mode: Zero based, Oop shift amount: 3

CDS archive(s) mapped at: [0x0000000000000000-0x0000000000000000-0x0000000000000000), size 0, SharedBaseAddress: 0x0000000800000000, ArchiveRelocationMode: 1.
Narrow klass base: 0x0000000000000000, Narrow klass shift: 0, Narrow klass range: 0x0

GC Precious Log:
 CardTable entry size: 512
 Card Set container configuration: InlinePtr #cards 4 size 8 Array Of Cards #cards 16 size 48 Howl #buckets 8 coarsen threshold 3686 Howl Bitmap #cards 512 size 80 coarsen threshold 460 Card regions per heap region 1 cards per card region 4096

Heap:
 garbage-first heap   total 0K, used 0K [0x0000000702000000, 0x0000000800000000)
  region size 2048K, 0 young (0K), 0 survivors (0K)

[error occurred during error reporting (printing heap information), id 0xc0000005, EXCEPTION_ACCESS_VIOLATION (0xc0000005) at pc=0x00007ffe20577b59]
GC Heap History (0 events):
No events

Dll operation events (1 events):
Event: 0.022 Loaded shared library C:\Users\eliez\.jdks\azul-21.0.6\bin\java.dll

Deoptimization events (0 events):
No events

Classes loaded (0 events):
No events

Classes unloaded (0 events):
No events

Classes redefined (0 events):
No events

Internal exceptions (0 events):
No events

ZGC Phase Switch (0 events):
No events

VM Operations (0 events):
No events

Memory protections (0 events):
No events

Nmethod flushes (0 events):
No events

Events (0 events):
No events


Dynamic libraries:
0x00007ff76d5e0000 - 0x00007ff76d5ee000 	C:\Users\eliez\.jdks\azul-21.0.6\bin\java.exe
0x00007ffe7bef0000 - 0x00007ffe7c0e8000 	C:\Windows\SYSTEM32\ntdll.dll
0x00007ffe7b020000 - 0x00007ffe7b0e2000 	C:\Windows\System32\KERNEL32.DLL
0x00007ffe796b0000 - 0x00007ffe799a6000 	C:\Windows\System32\KERNELBASE.dll
0x00007ffe79b10000 - 0x00007ffe79c10000 	C:\Windows\System32\ucrtbase.dll
0x00007ffe703c0000 - 0x00007ffe703d9000 	C:\Users\eliez\.jdks\azul-21.0.6\bin\jli.dll
0x00007ffe63030000 - 0x00007ffe6304b000 	C:\Users\eliez\.jdks\azul-21.0.6\bin\VCRUNTIME140.dll
0x00007ffe7b700000 - 0x00007ffe7b89d000 	C:\Windows\System32\USER32.dll
0x00007ffe79d10000 - 0x00007ffe79d32000 	C:\Windows\System32\win32u.dll
0x00007ffe7b0f0000 - 0x00007ffe7b11b000 	C:\Windows\System32\GDI32.dll
0x00007ffe67b90000 - 0x00007ffe67e2a000 	C:\Windows\WinSxS\amd64_microsoft.windows.common-controls_6595b64144ccf1df_6.0.19041.5794_none_60bcd33171f2783c\COMCTL32.dll
0x00007ffe79590000 - 0x00007ffe796aa000 	C:\Windows\System32\gdi32full.dll
0x00007ffe79e80000 - 0x00007ffe79f1d000 	C:\Windows\System32\msvcp_win.dll
0x00007ffe7b3a0000 - 0x00007ffe7b43e000 	C:\Windows\System32\msvcrt.dll
0x00007ffe7ad10000 - 0x00007ffe7ad3f000 	C:\Windows\System32\IMM32.DLL
0x00007ffe70460000 - 0x00007ffe7046c000 	C:\Users\eliez\.jdks\azul-21.0.6\bin\vcruntime140_1.dll
0x00007ffe51ff0000 - 0x00007ffe5207e000 	C:\Users\eliez\.jdks\azul-21.0.6\bin\msvcp140.dll
0x00007ffe1fe20000 - 0x00007ffe20bfd000 	C:\Users\eliez\.jdks\azul-21.0.6\bin\server\jvm.dll
0x00007ffe7b440000 - 0x00007ffe7b4ef000 	C:\Windows\System32\ADVAPI32.dll
0x00007ffe7b280000 - 0x00007ffe7b31f000 	C:\Windows\System32\sechost.dll
0x00007ffe7b120000 - 0x00007ffe7b243000 	C:\Windows\System32\RPCRT4.dll
0x00007ffe79e50000 - 0x00007ffe79e77000 	C:\Windows\System32\bcrypt.dll
0x00007ffe7b900000 - 0x00007ffe7b96b000 	C:\Windows\System32\WS2_32.dll
0x00007ffe79340000 - 0x00007ffe7938b000 	C:\Windows\SYSTEM32\POWRPROF.dll
0x00007ffe69cf0000 - 0x00007ffe69d17000 	C:\Windows\SYSTEM32\WINMM.dll
0x00007ffe72670000 - 0x00007ffe7267a000 	C:\Windows\SYSTEM32\VERSION.dll
0x00007ffe79320000 - 0x00007ffe79332000 	C:\Windows\SYSTEM32\UMPDC.dll
0x00007ffe773b0000 - 0x00007ffe773c2000 	C:\Windows\SYSTEM32\kernel.appcore.dll
0x00007ffe67330000 - 0x00007ffe6733a000 	C:\Users\eliez\.jdks\azul-21.0.6\bin\jimage.dll
0x00007ffe6d600000 - 0x00007ffe6d7e4000 	C:\Windows\SYSTEM32\DBGHELP.DLL
0x00007ffe62170000 - 0x00007ffe621a4000 	C:\Windows\SYSTEM32\dbgcore.DLL
0x00007ffe79d40000 - 0x00007ffe79dc2000 	C:\Windows\System32\bcryptPrimitives.dll
0x00007ffe670b0000 - 0x00007ffe670c0000 	C:\Users\eliez\.jdks\azul-21.0.6\bin\instrument.dll
0x00007ffe56ab0000 - 0x00007ffe56ad2000 	C:\Users\eliez\.jdks\azul-21.0.6\bin\java.dll

dbghelp: loaded successfully - version: 4.0.5 - missing functions: none
symbol engine: initialized successfully - sym options: 0x614 - pdb path: .;C:\Users\eliez\.jdks\azul-21.0.6\bin;C:\Windows\SYSTEM32;C:\Windows\WinSxS\amd64_microsoft.windows.common-controls_6595b64144ccf1df_6.0.19041.5794_none_60bcd33171f2783c;C:\Users\eliez\.jdks\azul-21.0.6\bin\server

VM Arguments:
jvm_args: -javaagent:E:\Program Files\JetBrains\IntelliJ IDEA Community Edition 2024.3.2.1\lib\idea_rt.jar=51374 -Dfile.encoding=UTF-8 -Dsun.stdout.encoding=UTF-8 -Dsun.stderr.encoding=UTF-8 
java_command: ContaTerminal
java_class_path (initial): E:\java\desafio-dio-conta-terminal\desafio-dio-conta-terminal\out\production\desafio-dio-conta-terminal
Launcher Type: SUN_STANDARD

[Global flags]
     intx CICompilerCount                          = 3                                         {product} {ergonomic}
     uint ConcGCThreads                            = 1                                         {product} {ergonomic}
     uint G1ConcRefinementThreads                  = 4                                         {product} {ergonomic}
   size_t G1HeapRegionSize                         = 2097152                                   {product} {ergonomic}
    uintx GCDrainStackTargetSize                   = 64                                        {product} {ergonomic}
   size_t InitialHeapSize                          = 266338304                                 {product} {ergonomic}
   size_t MarkStackSize                            = 4194304                                   {product} {ergonomic}
   size_t MaxHeapSize                              = 4261412864                                {product} {ergonomic}
   size_t MinHeapDeltaBytes                        = 2097152                                   {product} {ergonomic}
   size_t MinHeapSize                              = 8388608                                   {product} {ergonomic}
    uintx NonNMethodCodeHeapSize                   = 5832780                                {pd product} {ergonomic}
    uintx NonProfiledCodeHeapSize                  = 122912730                              {pd product} {ergonomic}
    uintx ProfiledCodeHeapSize                     = 122912730                              {pd product} {ergonomic}
    uintx ReservedCodeCacheSize                    = 251658240                              {pd product} {ergonomic}
     bool SegmentedCodeCache                       = true                                      {product} {ergonomic}
   size_t SoftMaxHeapSize                          = 4261412864                             {manageable} {ergonomic}
     bool UseCompressedOops                        = true                           {product lp64_product} {ergonomic}
     bool UseG1GC                                  = true                                      {product} {ergonomic}
     bool UseLargePagesIndividualAllocation        = false                                  {pd product} {ergonomic}

Logging:
Log output configuration:
 #0: stdout all=warning uptime,level,tags foldmultilines=false
 #1: stderr all=off uptime,level,tags foldmultilines=false

Environment Variables:
JAVA_HOME=C:\Program Files\Java\zulu17.30.15-ca-jdk17.0.1-win_x64
PATH=C:\Python313\Scripts\;C:\Python313\;C:\Python311\Scripts\;C:\Python311\;C:\app\eliezer.silva\product\11.2.0\client_1\BIN;C:\Python310\Scripts\;C:\Python310\;C:\Program Files\Java\zulu17.30.15-ca-jdk17.0.1-win_x64\bin;C:\Windows\system32;C:\Windows;C:\Windows\System32\Wbem;C:\Windows\System32\WindowsPowerShell\v1.0\;C:\Windows\System32\OpenSSH\;C:\Program Files (x86)\Windows Kits\8.1\Windows Performance Toolkit\;C:\Program Files (x86)\IVI Foundation\VISA\WinNT\Bin\;C:\Program Files (x86)\IVI Foundation\VISA\WinNT\Bin;C:\Program Files\Microsoft SQL Server\Client SDK\ODBC\170\Tools\Binn\;C:\Program Files\Java\jdk-11.0.12\bin;C:\Program Files\MongoDB\Server\5.0\bin;C:\Program Files\PuTTY\;C:\Program Files (x86)\Microchip\MPLAB C32 Suite\bin;C:\Program Files (x86)\NVIDIA Corporation\PhysX\Common;C:\ProgramData\chocolatey\bin;C:\Program Files\MongoDB\Server\5.0\bin;C:\webdriver;E:\Program Files\dotnet\;C:\Program Files\nodejs\;c:\Users\eliez\AppData\Local\Programs\cursor\resources\app\bin;E:\Program Files\NVIDIA Corporation\NVIDIA app\NvDLISR;C:\Program Files\PowerShell\7\;C:\Program Files\Git\cmd;C:\app\eliezer.silva\product\11.2.0\client_1\BIN;C:\Program Files\Java\zulu17.30.15-ca-jdk17.0.1-win_x64\bin;C:\Users\eliez\AppData\Local\Microsoft\WindowsApps;C:\Program Files\Azure Data Studio\bin;C:\Program Files\Java\gradle-7.1.1\bin;C:\Program Files\Java\apache-maven-3.8.1\bin;C:\Program Files\JetBrains\IntelliJ IDEA Community Edition 2024.1.4\bin;;D:\Program Files\heroku\bin;C:\Program Files\heroku\bin;C:\Users\eliez\AppData\Local\Programs\Microsoft VS Code\bin;C:\Users\eliez\AppData\Local\GitHubDesktop\bin;C:\Users\eliez\.dotnet\tools;C:\Users\eliez\AppData\Roaming\npm
USERNAME=Eliezer Moraes
OS=Windows_NT
PROCESSOR_IDENTIFIER=Intel64 Family 6 Model 158 Stepping 9, GenuineIntel
TMP=C:\Users\eliez\AppData\Local\Temp
TEMP=C:\Users\eliez\AppData\Local\Temp




Periodic native trim disabled

---------------  S Y S T E M  ---------------

OS:
 Windows 10 , 64 bit Build 19041 (10.0.19041.5794)
OS uptime: 0 days 4:44 hours
Hyper-V role detected

CPU: total 4 (initial active 4) (4 cores per cpu, 1 threads per core) family 6 model 158 stepping 9 microcode 0xb4, cx8, cmov, fxsr, mmx, 3dnowpref, sse, sse2, sse3, ssse3, sse4.1, sse4.2, popcnt, lzcnt, tsc, tscinvbit, avx, avx2, aes, erms, clmul, bmi1, bmi2, adx, fma, vzeroupper, clflush, clflushopt, hv, rdtscp, f16c
Processor Information for the first 4 processors :
  Max Mhz: 2501, Current Mhz: 2500, Mhz Limit: 2475

Memory: 4k page, system-wide physical 16252M (2576M free)
TotalPageFile size 19243M (AvailPageFile size 160M)
current process WorkingSet (physical memory assigned to process): 11M, peak: 11M
current process commit charge ("private bytes"): 52M, peak: 306M

vm_info: OpenJDK 64-Bit Server VM (21.0.6+7-LTS) for windows-amd64 JRE (21.0.6+7-LTS) (Zulu21.40+17-CA), built on 2025-01-07T13:04:52Z by "zulu_re" with MS VC++ 17.1 (VS2022)

END.
